<?xml version="1.0" encoding="UTF-8"?>
<testsuite xmlns:xsi="http://www.w3.org/2001/XMLSchema-instance" xsi:noNamespaceSchemaLocation="https://maven.apache.org/surefire/maven-surefire-plugin/xsd/surefire-test-report-3.0.xsd" version="3.0" name="com.example.aicodereviewer.webhook.controller.GithubWebhookControllerTest" time="4.711" tests="4" errors="0" skipped="0" failures="0">
  <properties>
[...]
</properties>
  <testcase name="handleUnknownEvent" classname="com.example.aicodereviewer.webhook.controller.GithubWebhookControllerTest" time="1.418">
    <system-out><![CDATA[15:45:48.256 [main] INFO org.springframework.test.context.support.AnnotationConfigContextLoaderUtils -- Could not detect default configuration classes for test class [com.example.aicodereviewer.webhook.controller.GithubWebhookControllerTest]: GithubWebhookControllerTest does not declare any static, non-private, non-final, nested classes annotated with @Configuration.
15:45:48.444 [main] INFO org.springframework.boot.test.context.SpringBootTestContextBootstrapper -- Found @SpringBootConfiguration com.example.aicodereviewer.webhook.WebhookServiceApplication for test class com.example.aicodereviewer.webhook.controller.GithubWebhookControllerTest

  .   ____          _            __ _ _
 /\\ / ___'_ __ _ _(_)_ __  __ _ \ \ \ \
( ( )\___ | '_ | '_| | '_ \/ _` | \ \ \ \
 \\/  ___)| |_)| | | | | || (_| |  ) ) ) )
  '  |____| .__|_| |_|_| |_\__, | / / / /
 =========|_|==============|___/=/_/_/_/
 :: Spring Boot ::                (v3.2.0)

2025-07-05T15:45:49.309Z  INFO 2732 --- [           main] c.e.a.w.c.GithubWebhookControllerTest    : Starting GithubWebhookControllerTest using Java 21.0.7 with PID 2732 (started by jules in /app/webhook-service)
2025-07-05T15:45:49.312Z  INFO 2732 --- [           main] c.e.a.w.c.GithubWebhookControllerTest    : No active profile set, falling back to 1 default profile: "default"
2025-07-05T15:45:50.987Z  INFO 2732 --- [           main] c.e.a.w.c.GithubWebhookControllerTest    : Started GithubWebhookControllerTest in 2.443 seconds (process running for 4.436)
2025-07-05T15:45:52.207Z  INFO 2732 --- [           main] c.e.a.w.c.GithubWebhookControllerTest    : GithubWebhookControllerTest setup complete. WebTestClient initialized.
2025-07-05T15:45:52.422Z  INFO 2732 --- [     parallel-1] c.e.a.w.c.GithubWebhookController        : Received GitHub Webhook Event: issues
2025-07-05T15:45:52.425Z  INFO 2732 --- [     parallel-1] c.e.a.w.c.GithubWebhookController        : Delivery ID: test-delivery-id-unknown
2025-07-05T15:45:52.425Z  INFO 2732 --- [     parallel-1] c.e.a.w.c.GithubWebhookController        : Signature: Not provided
2025-07-05T15:45:52.425Z  INFO 2732 --- [     parallel-1] c.e.a.w.c.GithubWebhookController        : Payload: { "issue": { "title": "New Issue" } }
2025-07-05T15:45:52.425Z  WARN 2732 --- [     parallel-1] c.e.a.w.c.GithubWebhookController        : Received unhandled event type: issues
2025-07-05T15:45:52.461Z  INFO 2732 --- [           main] c.e.a.w.c.GithubWebhookControllerTest    : Test handleUnknownEvent completed successfully.
]]></system-out>
    <system-err><![CDATA[WARNING: A Java agent has been loaded dynamically (/home/jules/.m2/repository/net/bytebuddy/byte-buddy-agent/1.14.10/byte-buddy-agent-1.14.10.jar)
WARNING: If a serviceability tool is in use, please run with -XX:+EnableDynamicAgentLoading to hide this warning
WARNING: If a serviceability tool is not in use, please run with -Djdk.instrument.traceUsage for more information
WARNING: Dynamic loading of agents will be disallowed by default in a future release
]]></system-err>
  </testcase>
  <testcase name="handleEvent_missingGithubEventHeader" classname="com.example.aicodereviewer.webhook.controller.GithubWebhookControllerTest" time="0.115">
    <system-out><![CDATA[2025-07-05T15:45:52.493Z  INFO 2732 --- [           main] c.e.a.w.c.GithubWebhookControllerTest    : GithubWebhookControllerTest setup complete. WebTestClient initialized.
2025-07-05T15:45:52.603Z  INFO 2732 --- [           main] c.e.a.w.c.GithubWebhookControllerTest    : Test handleEvent_missingGithubEventHeader completed successfully.
]]></system-out>
  </testcase>
  <testcase name="handlePingEvent" classname="com.example.aicodereviewer.webhook.controller.GithubWebhookControllerTest" time="0.01">
    <system-out><![CDATA[2025-07-05T15:45:52.608Z  INFO 2732 --- [           main] c.e.a.w.c.GithubWebhookControllerTest    : GithubWebhookControllerTest setup complete. WebTestClient initialized.
2025-07-05T15:45:52.613Z  INFO 2732 --- [     parallel-3] c.e.a.w.c.GithubWebhookController        : Received GitHub Webhook Event: ping
2025-07-05T15:45:52.613Z  INFO 2732 --- [     parallel-3] c.e.a.w.c.GithubWebhookController        : Delivery ID: test-delivery-id-ping
2025-07-05T15:45:52.613Z  INFO 2732 --- [     parallel-3] c.e.a.w.c.GithubWebhookController        : Signature: Not provided
2025-07-05T15:45:52.613Z  INFO 2732 --- [     parallel-3] c.e.a.w.c.GithubWebhookController        : Payload: { "zen": "Keep it simple" }
2025-07-05T15:45:52.613Z  INFO 2732 --- [     parallel-3] c.e.a.w.c.GithubWebhookController        : Responding to GitHub ping event
2025-07-05T15:45:52.615Z  INFO 2732 --- [           main] c.e.a.w.c.GithubWebhookControllerTest    : Test handlePingEvent completed successfully.
]]></system-out>
  </testcase>
  <testcase name="handlePullRequestEvent_Opened" classname="com.example.aicodereviewer.webhook.controller.GithubWebhookControllerTest" time="0.009">
    <system-out><![CDATA[2025-07-05T15:45:52.621Z  INFO 2732 --- [           main] c.e.a.w.c.GithubWebhookControllerTest    : GithubWebhookControllerTest setup complete. WebTestClient initialized.
2025-07-05T15:45:52.625Z  INFO 2732 --- [     parallel-4] c.e.a.w.c.GithubWebhookController        : Received GitHub Webhook Event: pull_request
2025-07-05T15:45:52.625Z  INFO 2732 --- [     parallel-4] c.e.a.w.c.GithubWebhookController        : Delivery ID: test-delivery-id-pr
2025-07-05T15:45:52.625Z  INFO 2732 --- [     parallel-4] c.e.a.w.c.GithubWebhookController        : Signature: Not provided
2025-07-05T15:45:52.626Z  INFO 2732 --- [     parallel-4] c.e.a.w.c.GithubWebhookController        : Payload: {
  "action": "opened",
  "number": 1,
  "pull_request": {
    "html_url": "https://github.com/testuser/test-repo/pull/1",
    "head": { "sha": "test-head-sha" },
    "base": { "sha": "test-base-sha" }
  },
  "repository": {
    "name": "test-repo",
    "full_name": "testuser/test-repo",
    "clone_url": "https://github.com/testuser/test-repo.git"
  }
}
2025-07-05T15:45:52.626Z  INFO 2732 --- [     parallel-4] c.e.a.w.c.GithubWebhookController        : Processing pull_request event...
2025-07-05T15:45:52.627Z  INFO 2732 --- [           main] c.e.a.w.c.GithubWebhookControllerTest    : Test handlePullRequestEvent_Opened completed successfully.
]]></system-out>
  </testcase>
</testsuite>